#
# There is insufficient memory for the Java Runtime Environment to continue.
# Native memory allocation (malloc) failed to allocate 460736 bytes for Chunk::new
# Possible reasons:
#   The system is out of physical RAM or swap space
#   The process is running with CompressedOops enabled, and the Java Heap may be blocking the growth of the native heap
# Possible solutions:
#   Reduce memory load on the system
#   Increase physical memory or swap space
#   Check if swap backing store is full
#   Decrease Java heap size (-Xmx/-Xms)
#   Decrease number of Java threads
#   Decrease Java thread stack sizes (-Xss)
#   Set larger code cache with -XX:ReservedCodeCacheSize=
#   JVM is running with Unscaled Compressed Oops mode in which the Java heap is
#     placed in the first 4GB address space. The Java Heap base address is the
#     maximum limit for the native heap growth. Please use -XX:HeapBaseMinAddress
#     to set the Java Heap base and to place the Java Heap above 4GB virtual address.
# This output file may be truncated or incomplete.
#
#  Out of Memory Error (allocation.cpp:389), pid=488, tid=0x00000000000008f8
#
# JRE version: OpenJDK Runtime Environment (8.0_202-b03) (build 1.8.0_202-release-1483-b03)
# Java VM: OpenJDK 64-Bit Server VM (25.202-b03 mixed mode windows-amd64 compressed oops)
# Failed to write core dump. Minidumps are not enabled by default on client versions of Windows
#

---------------  T H R E A D  ---------------

Current thread (0x000000001476d000):  JavaThread "C2 CompilerThread1" daemon [_thread_in_native, id=2296, stack(0x00000000161d0000,0x00000000162d0000)]

Stack: [0x00000000161d0000,0x00000000162d0000]
[error occurred during error reporting (printing stack bounds), id 0xc0000005]

Native frames: (J=compiled Java code, j=interpreted, Vv=VM code, C=native code)


Current CompileTask:
C2:   8929 2063   !   4       java.net.URL::<init> (543 bytes)


---------------  P R O C E S S  ---------------

Java Threads: ( => current thread )
  0x00000000177dd000 
[error occurred during error reporting (printing all threads), id 0xc0000005]

VM state:at safepoint (normal execution)

VM Mutex/Monitor currently owned by a thread:  ([mutex/lock_event])
[0x000000000115cb30] Threads_lock - owner thread: 0x00000000146d5800
[0x000000000115c630] Heap_lock - owner thread: 0x0000000017ad7800

heap address: 0x00000000e0000000, size: 512 MB, Compressed Oops mode: 32-bit
Narrow klass base: 0x0000000000000000, Narrow klass shift: 3
Compressed class space size: 1073741824 Address: 0x0000000100000000

Heap:
 PSYoungGen      total 141824K, used 0K [0x00000000f5580000, 0x00000000fea80000, 0x0000000100000000)
  eden space 131072K, 0% used [0x00000000f5580000,0x00000000f5580000,0x00000000fd580000)
  from space 10752K, 0% used [0x00000000fe000000,0x00000000fe000000,0x00000000fea80000)
  to   space 10752K, 0% used [0x00000000fd580000,0x00000000fd580000,0x00000000fe000000)
 ParOldGen       total 175104K, used 11413K [0x00000000e0000000, 0x00000000eab00000, 0x00000000f5580000)
  object space 175104K, 6% used [0x00000000e0000000,0x00000000e0b25718,0x00000000eab00000)
 Metaspace       used 24653K, capacity 25174K, committed 25344K, reserved 1077248K
  class space    used 3346K, capacity 3517K, committed 3584K, reserved 1048576K

Card table byte_map: [0x0000000012760000,0x0000000012870000] byte_map_base: 0x0000000012060000

Marking Bits: (ParMarkBitMap*) 0x0000000058699f30
 Begin Bits: [0x0000000012c70000, 0x0000000013470000)
 End Bits:   [0x0000000013470000, 0x0000000013c70000)

Polling page: 0x00000000010f0000

CodeCache: size=245760Kb used=7578Kb max_used=7578Kb free=238181Kb
 bounds [0x00000000033a0000, 0x0000000003b10000, 0x00000000123a0000]
 total_blobs=2657 nmethods=2118 adapters=452
 compilation: enabled

Compilation events (10 events):
Event: 8.863 Thread 0x000000001476d800 2116       3       org.codehaus.groovy.util.ReferenceType$SoftRef::<init> (12 bytes)
Event: 8.863 Thread 0x000000001476d800 nmethod 2116 0x0000000003b005d0 code [0x0000000003b00740, 0x0000000003b00a70]
Event: 8.863 Thread 0x000000001476d800 2117       3       org.codehaus.groovy.reflection.CachedClass::getInterfaces (11 bytes)
Event: 8.863 Thread 0x000000001476d800 nmethod 2117 0x0000000003b00090 code [0x0000000003b00200, 0x0000000003b00508]
Event: 8.863 Thread 0x000000001476d800 2118       3       java.lang.Class::getDeclaredMethods (18 bytes)
Event: 8.863 Thread 0x000000001476d800 nmethod 2118 0x0000000003b03ed0 code [0x0000000003b04060, 0x0000000003b04298]
Event: 8.864 Thread 0x000000001476d800 2120       3       org.codehaus.groovy.reflection.CachedMethod::compareToCachedMethod (160 bytes)
Event: 8.865 Thread 0x000000001476d800 nmethod 2120 0x0000000003b06dd0 code [0x0000000003b070c0, 0x0000000003b08c08]
Event: 8.865 Thread 0x000000001476d800 2119       3       org.codehaus.groovy.reflection.CachedMethod::compareTo (25 bytes)
Event: 8.865 Thread 0x000000001476d800 nmethod 2119 0x0000000003aff950 code [0x0000000003affae0, 0x0000000003afff98]

GC Heap History (10 events):
Event: 2.493 GC heap after
Heap after GC invocations=1 (full 0):
 PSYoungGen      total 76288K, used 6898K [0x00000000f5580000, 0x00000000fea80000, 0x0000000100000000)
  eden space 65536K, 0% used [0x00000000f5580000,0x00000000f5580000,0x00000000f9580000)
  from space 10752K, 64% used [0x00000000f9580000,0x00000000f9c3c8b8,0x00000000fa000000)
  to   space 10752K, 0% used [0x00000000fe000000,0x00000000fe000000,0x00000000fea80000)
 ParOldGen       total 175104K, used 16K [0x00000000e0000000, 0x00000000eab00000, 0x00000000f5580000)
  object space 175104K, 0% used [0x00000000e0000000,0x00000000e0004000,0x00000000eab00000)
 Metaspace       used 8600K, capacity 8886K, committed 9216K, reserved 1056768K
  class space    used 1101K, capacity 1177K, committed 1280K, reserved 1048576K
}
Event: 4.795 GC heap before
{Heap before GC invocations=2 (full 0):
 PSYoungGen      total 76288K, used 72434K [0x00000000f5580000, 0x00000000fea80000, 0x0000000100000000)
  eden space 65536K, 100% used [0x00000000f5580000,0x00000000f9580000,0x00000000f9580000)
  from space 10752K, 64% used [0x00000000f9580000,0x00000000f9c3c8b8,0x00000000fa000000)
  to   space 10752K, 0% used [0x00000000fe000000,0x00000000fe000000,0x00000000fea80000)
 ParOldGen       total 175104K, used 16K [0x00000000e0000000, 0x00000000eab00000, 0x00000000f5580000)
  object space 175104K, 0% used [0x00000000e0000000,0x00000000e0004000,0x00000000eab00000)
 Metaspace       used 15468K, capacity 15932K, committed 16256K, reserved 1062912K
  class space    used 2188K, capacity 2332K, committed 2432K, reserved 1048576K
Event: 4.812 GC heap after
Heap after GC invocations=2 (full 0):
 PSYoungGen      total 141824K, used 10449K [0x00000000f5580000, 0x00000000fea80000, 0x0000000100000000)
  eden space 131072K, 0% used [0x00000000f5580000,0x00000000f5580000,0x00000000fd580000)
  from space 10752K, 97% used [0x00000000fe000000,0x00000000fea344a8,0x00000000fea80000)
  to   space 10752K, 0% used [0x00000000fd580000,0x00000000fd580000,0x00000000fe000000)
 ParOldGen       total 175104K, used 24K [0x00000000e0000000, 0x00000000eab00000, 0x00000000f5580000)
  object space 175104K, 0% used [0x00000000e0000000,0x00000000e0006000,0x00000000eab00000)
 Metaspace       used 15468K, capacity 15932K, committed 16256K, reserved 1062912K
  class space    used 2188K, capacity 2332K, committed 2432K, reserved 1048576K
}
Event: 8.406 GC heap before
{Heap before GC invocations=3 (full 0):
 PSYoungGen      total 141824K, used 66124K [0x00000000f5580000, 0x00000000fea80000, 0x0000000100000000)
  eden space 131072K, 42% used [0x00000000f5580000,0x00000000f8bdef08,0x00000000fd580000)
  from space 10752K, 97% used [0x00000000fe000000,0x00000000fea344a8,0x00000000fea80000)
  to   space 10752K, 0% used [0x00000000fd580000,0x00000000fd580000,0x00000000fe000000)
 ParOldGen       total 175104K, used 24K [0x00000000e0000000, 0x00000000eab00000, 0x00000000f5580000)
  object space 175104K, 0% used [0x00000000e0000000,0x00000000e0006000,0x00000000eab00000)
 Metaspace       used 20572K, capacity 21118K, committed 21296K, reserved 1067008K
  class space    used 2931K, capacity 3127K, committed 3200K, reserved 1048576K
Event: 8.417 GC heap after
Heap after GC invocations=3 (full 0):
 PSYoungGen      total 141824K, used 10748K [0x00000000f5580000, 0x00000000fea80000, 0x0000000100000000)
  eden space 131072K, 0% used [0x00000000f5580000,0x00000000f5580000,0x00000000fd580000)
  from space 10752K, 99% used [0x00000000fd580000,0x00000000fdfff2d8,0x00000000fe000000)
  to   space 10752K, 0% used [0x00000000fe000000,0x00000000fe000000,0x00000000fea80000)
 ParOldGen       total 175104K, used 614K [0x00000000e0000000, 0x00000000eab00000, 0x00000000f5580000)
  object space 175104K, 0% used [0x00000000e0000000,0x00000000e0099b20,0x00000000eab00000)
 Metaspace       used 20572K, capacity 21118K, committed 21296K, reserved 1067008K
  class space    used 2931K, capacity 3127K, committed 3200K, reserved 1048576K
}
Event: 8.417 GC heap before
{Heap before GC invocations=4 (full 1):
 PSYoungGen      total 141824K, used 10748K [0x00000000f5580000, 0x00000000fea80000, 0x0000000100000000)
  eden space 131072K, 0% used [0x00000000f5580000,0x00000000f5580000,0x00000000fd580000)
  from space 10752K, 99% used [0x00000000fd580000,0x00000000fdfff2d8,0x00000000fe000000)
  to   space 10752K, 0% used [0x00000000fe000000,0x00000000fe000000,0x00000000fea80000)
 ParOldGen       total 175104K, used 614K [0x00000000e0000000, 0x00000000eab00000, 0x00000000f5580000)
  object space 175104K, 0% used [0x00000000e0000000,0x00000000e0099b20,0x00000000eab00000)
 Metaspace       used 20572K, capacity 21118K, committed 21296K, reserved 1067008K
  class space    used 2931K, capacity 3127K, committed 3200K, reserved 1048576K
Event: 8.455 GC heap after
Heap after GC invocations=4 (full 1):
 PSYoungGen      total 141824K, used 0K [0x00000000f5580000, 0x00000000fea80000, 0x0000000100000000)
  eden space 131072K, 0% used [0x00000000f5580000,0x00000000f5580000,0x00000000fd580000)
  from space 10752K, 0% used [0x00000000fd580000,0x00000000fd580000,0x00000000fe000000)
  to   space 10752K, 0% used [0x00000000fe000000,0x00000000fe000000,0x00000000fea80000)
 ParOldGen       total 175104K, used 11000K [0x00000000e0000000, 0x00000000eab00000, 0x00000000f5580000)
  object space 175104K, 6% used [0x00000000e0000000,0x00000000e0abe300,0x00000000eab00000)
 Metaspace       used 20572K, capacity 21118K, committed 21296K, reserved 1067008K
  class space    used 2931K, capacity 3127K, committed 3200K, reserved 1048576K
}
Event: 8.868 GC heap before
{Heap before GC invocations=5 (full 1):
 PSYoungGen      total 141824K, used 32552K [0x00000000f5580000, 0x00000000fea80000, 0x0000000100000000)
  eden space 131072K, 24% used [0x00000000f5580000,0x00000000f754a238,0x00000000fd580000)
  from space 10752K, 0% used [0x00000000fd580000,0x00000000fd580000,0x00000000fe000000)
  to   space 10752K, 0% used [0x00000000fe000000,0x00000000fe000000,0x00000000fea80000)
 ParOldGen       total 175104K, used 11000K [0x00000000e0000000, 0x00000000eab00000, 0x00000000f5580000)
  object space 175104K, 6% used [0x00000000e0000000,0x00000000e0abe300,0x00000000eab00000)
 Metaspace       used 24653K, capacity 25174K, committed 25344K, reserved 1075200K
  class space    used 3346K, capacity 3517K, committed 3584K, reserved 1048576K
Event: 8.872 GC heap after
Heap after GC invocations=5 (full 1):
 PSYoungGen      total 141824K, used 4955K [0x00000000f5580000, 0x00000000fea80000, 0x0000000100000000)
  eden space 131072K, 0% used [0x00000000f5580000,0x00000000f5580000,0x00000000fd580000)
  from space 10752K, 46% used [0x00000000fe000000,0x00000000fe4d6ea8,0x00000000fea80000)
  to   space 10752K, 0% used [0x00000000fd580000,0x00000000fd580000,0x00000000fe000000)
 ParOldGen       total 175104K, used 11008K [0x00000000e0000000, 0x00000000eab00000, 0x00000000f5580000)
  object space 175104K, 6% used [0x00000000e0000000,0x00000000e0ac0300,0x00000000eab00000)
 Metaspace       used 24653K, capacity 25174K, committed 25344K, reserved 1075200K
  class space    used 3346K, capacity 3517K, committed 3584K, reserved 1048576K
}
Event: 8.872 GC heap before
{Heap before GC invocations=6 (full 2):
 PSYoungGen      total 141824K, used 4955K [0x00000000f5580000, 0x00000000fea80000, 0x0000000100000000)
  eden space 131072K, 0% used [0x00000000f5580000,0x00000000f5580000,0x00000000fd580000)
  from space 10752K, 46% used [0x00000000fe000000,0x00000000fe4d6ea8,0x00000000fea80000)
  to   space 10752K, 0% used [0x00000000fd580000,0x00000000fd580000,0x00000000fe000000)
 ParOldGen       total 175104K, used 11008K [0x00000000e0000000, 0x00000000eab00000, 0x00000000f5580000)
  object space 175104K, 6% used [0x00000000e0000000,0x00000000e0ac0300,0x00000000eab00000)
 Metaspace       used 24653K, capacity 25174K, committed 25344K, reserved 1075200K
  class space    used 3346K, capacity 3517K, committed 3584K, reserved 1048576K

Deoptimization events (10 events):
Event: 8.163 Thread 0x0000000017ad7800 Uncommon trap: reason=bimorphic action=maybe_recompile pc=0x000000000387111c method=java.lang.ClassLoader.loadClass(Ljava/lang/String;Z)Ljava/lang/Class; @ 38
Event: 8.164 Thread 0x0000000017ad7800 Uncommon trap: reason=bimorphic action=maybe_recompile pc=0x000000000387111c method=java.lang.ClassLoader.loadClass(Ljava/lang/String;Z)Ljava/lang/Class; @ 38
Event: 8.164 Thread 0x0000000017ad7800 Uncommon trap: reason=bimorphic action=maybe_recompile pc=0x000000000387111c method=java.lang.ClassLoader.loadClass(Ljava/lang/String;Z)Ljava/lang/Class; @ 38
Event: 8.166 Thread 0x0000000017ad7800 Uncommon trap: reason=unstable_if action=reinterpret pc=0x0000000003902468 method=java.net.URLClassLoader.getAndVerifyPackage(Ljava/lang/String;Ljava/util/jar/Manifest;Ljava/net/URL;)Ljava/lang/Package; @ 62
Event: 8.166 Thread 0x0000000017ad7800 Uncommon trap: reason=bimorphic action=maybe_recompile pc=0x000000000395affc method=java.lang.ClassLoader.getPackage(Ljava/lang/String;)Ljava/lang/Package; @ 47
Event: 8.167 Thread 0x0000000017ad7800 Uncommon trap: reason=unstable_if action=reinterpret pc=0x000000000395aa90 method=java.net.URLClassLoader.getAndVerifyPackage(Ljava/lang/String;Ljava/util/jar/Manifest;Ljava/net/URL;)Ljava/lang/Package; @ 62
Event: 8.589 Thread 0x0000000017ad7800 Uncommon trap: reason=bimorphic action=maybe_recompile pc=0x0000000003989f58 method=java.io.BufferedInputStream.read([BII)I @ 101
Event: 8.589 Thread 0x0000000017ad7800 Uncommon trap: reason=unstable_if action=reinterpret pc=0x000000000398a648 method=java.io.BufferedInputStream.read([BII)I @ 56
Event: 8.608 Thread 0x0000000017ad7800 Uncommon trap: reason=unstable_if action=reinterpret pc=0x000000000366f230 method=java.util.LinkedHashMap.afterNodeInsertion(Z)V @ 1
Event: 8.655 Thread 0x0000000017ad7800 Uncommon trap: reason=unstable_if action=reinterpret pc=0x00000000039a27c8 method=java.lang.ClassLoader.getClassLoadingLock(Ljava/lang/String;)Ljava/lang/Object; @ 6

Classes redefined (0 events):
No events

Internal exceptions (10 events):
Event: 8.188 Thread 0x0000000017ad7800 Exception <a 'java/lang/NoSuchMethodError': <clinit>> (0x00000000f79d7de8) thrown at [D:\src\AOSP-openjdk-cygwin\jdk8u\hotspot\src\share\vm\prims\jni.cpp, line 1614]
Event: 8.204 Thread 0x0000000017ad7800 Exception <a 'java/lang/NoSuchMethodError': <clinit>> (0x00000000f7a06760) thrown at [D:\src\AOSP-openjdk-cygwin\jdk8u\hotspot\src\share\vm\prims\jni.cpp, line 1614]
Event: 8.210 Thread 0x0000000017ad7800 Exception <a 'java/lang/NoSuchMethodError': <clinit>> (0x00000000f7a3bc38) thrown at [D:\src\AOSP-openjdk-cygwin\jdk8u\hotspot\src\share\vm\prims\jni.cpp, line 1614]
Event: 8.211 Thread 0x0000000017ad7800 Exception <a 'java/lang/NoSuchMethodError': <clinit>> (0x00000000f7a4ce90) thrown at [D:\src\AOSP-openjdk-cygwin\jdk8u\hotspot\src\share\vm\prims\jni.cpp, line 1614]
Event: 8.211 Thread 0x0000000017ad7800 Exception <a 'java/lang/NoSuchMethodError': <clinit>> (0x00000000f7a5a1b8) thrown at [D:\src\AOSP-openjdk-cygwin\jdk8u\hotspot\src\share\vm\prims\jni.cpp, line 1614]
Event: 8.217 Thread 0x0000000017ad7800 Exception <a 'java/lang/NoSuchMethodError': <clinit>> (0x00000000f7b2cf18) thrown at [D:\src\AOSP-openjdk-cygwin\jdk8u\hotspot\src\share\vm\prims\jni.cpp, line 1614]
Event: 8.217 Thread 0x0000000017ad7800 Exception <a 'java/lang/NoSuchMethodError': <clinit>> (0x00000000f7b30fc8) thrown at [D:\src\AOSP-openjdk-cygwin\jdk8u\hotspot\src\share\vm\prims\jni.cpp, line 1614]
Event: 8.217 Thread 0x0000000017ad7800 Exception <a 'java/lang/NoSuchMethodError': <clinit>> (0x00000000f7b32c38) thrown at [D:\src\AOSP-openjdk-cygwin\jdk8u\hotspot\src\share\vm\prims\jni.cpp, line 1614]
Event: 8.217 Thread 0x0000000017ad7800 Exception <a 'java/lang/NoSuchMethodError': <clinit>> (0x00000000f7b34388) thrown at [D:\src\AOSP-openjdk-cygwin\jdk8u\hotspot\src\share\vm\prims\jni.cpp, line 1614]
Event: 8.217 Thread 0x0000000017ad7800 Exception <a 'java/lang/NoSuchMethodError': <clinit>> (0x00000000f7b35988) thrown at [D:\src\AOSP-openjdk-cygwin\jdk8u\hotspot\src\share\vm\prims\jni.cpp, line 1614]

Events (10 events):
Event: 8.867 loading class java/util/function/ToDoubleFunction
Event: 8.867 loading class java/util/function/ToDoubleFunction done
Event: 8.867 loading class java/util/stream/DoubleStream
Event: 8.867 loading class java/util/stream/DoubleStream done
Event: 8.867 loading class java/util/function/ToIntFunction
Event: 8.867 loading class java/util/function/ToIntFunction done
Event: 8.867 loading class org/codehaus/groovy/runtime/DefaultGroovyStaticMethods
Event: 8.867 loading class org/codehaus/groovy/runtime/DefaultGroovyStaticMethods done
Event: 8.868 loading class java/time/ZoneId
Event: 8.868 Executing VM operation: CollectForMetadataAllocation


Dynamic libraries:
0x00007ff7fd8d0000 - 0x00007ff7fd901000 	E:\andriod\jre\bin\java.exe
0x00007ffa51880000 - 0x00007ffa51a70000 	C:\WINDOWS\SYSTEM32\ntdll.dll
0x00007ffa4fab0000 - 0x00007ffa4fb62000 	C:\WINDOWS\System32\KERNEL32.DLL
0x00007ffa4f370000 - 0x00007ffa4f613000 	C:\WINDOWS\System32\KERNELBASE.dll
0x00007ffa50c20000 - 0x00007ffa50cc3000 	C:\WINDOWS\System32\ADVAPI32.dll
0x00007ffa50730000 - 0x00007ffa507ce000 	C:\WINDOWS\System32\msvcrt.dll
0x00007ffa4f930000 - 0x00007ffa4f9c7000 	C:\WINDOWS\System32\sechost.dll
0x00007ffa507d0000 - 0x00007ffa508f0000 	C:\WINDOWS\System32\RPCRT4.dll
0x00007ffa4fb80000 - 0x00007ffa4fd13000 	C:\WINDOWS\System32\USER32.dll
0x00007ffa4e890000 - 0x00007ffa4e8b1000 	C:\WINDOWS\System32\win32u.dll
0x00007ffa50e80000 - 0x00007ffa50ea6000 	C:\WINDOWS\System32\GDI32.dll
0x00007ffa4f620000 - 0x00007ffa4f7b4000 	C:\WINDOWS\System32\gdi32full.dll
0x00007ffa4f180000 - 0x00007ffa4f21e000 	C:\WINDOWS\System32\msvcp_win.dll
0x00007ffa4f830000 - 0x00007ffa4f92a000 	C:\WINDOWS\System32\ucrtbase.dll
0x00007ffa3da20000 - 0x00007ffa3dca5000 	C:\WINDOWS\WinSxS\amd64_microsoft.windows.common-controls_6595b64144ccf1df_6.0.18362.295_none_e6c3acbd13101292\COMCTL32.dll
0x00007ffa503f0000 - 0x00007ffa50726000 	C:\WINDOWS\System32\combase.dll
0x00007ffa4e810000 - 0x00007ffa4e890000 	C:\WINDOWS\System32\bcryptPrimitives.dll
0x00007ffa4fa80000 - 0x00007ffa4faae000 	C:\WINDOWS\System32\IMM32.DLL
0x0000000057df0000 - 0x0000000057ec2000 	E:\andriod\jre\jre\bin\msvcr100.dll
0x0000000057ed0000 - 0x0000000058716000 	E:\andriod\jre\jre\bin\server\jvm.dll
0x00007ffa509a0000 - 0x00007ffa509a8000 	C:\WINDOWS\System32\PSAPI.DLL
0x00007ffa38d10000 - 0x00007ffa38d19000 	C:\WINDOWS\SYSTEM32\WSOCK32.dll
0x00007ffa4c3c0000 - 0x00007ffa4c3e4000 	C:\WINDOWS\SYSTEM32\WINMM.dll
0x00007ffa42720000 - 0x00007ffa4272a000 	C:\WINDOWS\SYSTEM32\VERSION.dll
0x00007ffa50b50000 - 0x00007ffa50bbf000 	C:\WINDOWS\System32\WS2_32.dll
0x00007ffa4c390000 - 0x00007ffa4c3bd000 	C:\WINDOWS\SYSTEM32\winmmbase.dll
0x00007ffa4f7c0000 - 0x00007ffa4f80a000 	C:\WINDOWS\System32\cfgmgr32.dll
0x00007ffa41ef0000 - 0x00007ffa41eff000 	E:\andriod\jre\jre\bin\verify.dll
0x00007ffa2a090000 - 0x00007ffa2a0b9000 	E:\andriod\jre\jre\bin\java.dll
0x00007ffa2efa0000 - 0x00007ffa2efb6000 	E:\andriod\jre\jre\bin\zip.dll
0x00007ffa50eb0000 - 0x00007ffa51592000 	C:\WINDOWS\System32\SHELL32.dll
0x00007ffa508f0000 - 0x00007ffa50999000 	C:\WINDOWS\System32\shcore.dll
0x00007ffa4e950000 - 0x00007ffa4f0cc000 	C:\WINDOWS\System32\windows.storage.dll
0x00007ffa4e7f0000 - 0x00007ffa4e80f000 	C:\WINDOWS\System32\profapi.dll
0x00007ffa4e7a0000 - 0x00007ffa4e7ea000 	C:\WINDOWS\System32\powrprof.dll
0x00007ffa4e750000 - 0x00007ffa4e760000 	C:\WINDOWS\System32\UMPDC.dll
0x00007ffa50bc0000 - 0x00007ffa50c12000 	C:\WINDOWS\System32\shlwapi.dll
0x00007ffa4e760000 - 0x00007ffa4e771000 	C:\WINDOWS\System32\kernel.appcore.dll
0x00007ffa4f810000 - 0x00007ffa4f827000 	C:\WINDOWS\System32\cryptsp.dll
0x00007ffa2c2c0000 - 0x00007ffa2c2da000 	E:\andriod\jre\jre\bin\net.dll
0x00007ffa4dfc0000 - 0x00007ffa4e027000 	C:\WINDOWS\system32\mswsock.dll
0x00007ffa41f50000 - 0x00007ffa41f61000 	E:\andriod\jre\jre\bin\nio.dll
0x00007ffa414f0000 - 0x00007ffa41516000 	C:\Users\GY\.gradle\native\29\windows-amd64\native-platform.dll
0x00007ffa41ea0000 - 0x00007ffa41ead000 	E:\andriod\jre\jre\bin\management.dll
0x00007ffa4db30000 - 0x00007ffa4db63000 	C:\WINDOWS\system32\rsaenh.dll
0x00007ffa4e8c0000 - 0x00007ffa4e8e6000 	C:\WINDOWS\System32\bcrypt.dll
0x00007ffa4e670000 - 0x00007ffa4e695000 	C:\WINDOWS\SYSTEM32\USERENV.dll
0x00007ffa4e190000 - 0x00007ffa4e19c000 	C:\WINDOWS\SYSTEM32\CRYPTBASE.dll
0x00007ffa4dcd0000 - 0x00007ffa4dd0a000 	C:\WINDOWS\SYSTEM32\IPHLPAPI.DLL
0x00007ffa4fd40000 - 0x00007ffa4fd48000 	C:\WINDOWS\System32\NSI.dll
0x00007ffa433a0000 - 0x00007ffa433b6000 	C:\WINDOWS\SYSTEM32\dhcpcsvc6.DLL
0x00007ffa43380000 - 0x00007ffa4339c000 	C:\WINDOWS\SYSTEM32\dhcpcsvc.DLL
0x00007ffa4dd10000 - 0x00007ffa4ddda000 	C:\WINDOWS\SYSTEM32\DNSAPI.dll

VM Arguments:
jvm_args: -XX:MaxMetaspaceSize=256m -XX:+HeapDumpOnOutOfMemoryError -Xms256m -Xmx512m -Dfile.encoding=GBK -Duser.country=CN -Duser.language=zh -Duser.variant 
java_command: org.gradle.launcher.daemon.bootstrap.GradleDaemon 5.4.1
java_class_path (initial): C:\Users\GY\.gradle\wrapper\dists\gradle-5.4.1-all\3221gyojl5jsh0helicew7rwx\gradle-5.4.1\lib\gradle-launcher-5.4.1.jar
Launcher Type: SUN_STANDARD

Environment Variables:
JAVA_HOME=C:\Program Files\Java\jdk1.8.0_181
CLASSPATH=.;C:\Program Files\Java\jdk1.8.0_181\lib;C:\Program Files\Java\jdk1.8.0_181\lib\dt.jar;C:\Program Files\Java\jdk1.8.0_181\lib\tools.jar
PATH=C:\Program Files (x86)\Common Files\Oracle\Java\javapath;C:\Program Files (x86)\Intel\iCLS Client\;C:\Program Files\Intel\iCLS Client\;C:\Windows\system32;C:\Windows;C:\Windows\System32\Wbem;C:\Windows\System32\WindowsPowerShell\v1.0\;C:\Program Files (x86)\NVIDIA Corporation\PhysX\Common;C:\Program Files (x86)\Intel\Intel(R) Management Engine Components\DAL;C:\Program Files\Intel\Intel(R) Management Engine Components\DAL;C:\Program Files (x86)\Intel\Intel(R) Management Engine Components\IPT;C:\Program Files\Intel\Intel(R) Management Engine Components\IPT;C:\WINDOWS\system32;C:\WINDOWS;C:\WINDOWS\System32\Wbem;C:\WINDOWS\System32\WindowsPowerShell\v1.0\;C:\WINDOWS\System32\OpenSSH;C:\Program Files\Java\jdk1.8.0_181\bin;C:\Program Files\Java\jdk1.8.0_181\jre\bin \;E:\gitlab\Git\cmd;E:\Putty\;D:\Node\;E:\mysql\mysql-8.0.17-winx64\bin;;C:\WINDOWS\System32\OpenSSH\;E:\LLVM\bin;E:\Anaconda\anaconda\Scripts\;E:\Anaconda\anaconda;C:\Users\GY\AppData\Local\Microsoft\WindowsApps;E:\idea\IntelliJ IDEA 2018.3.3\bin;;C:\Users\GY\AppData\Roaming\npm;
USERNAME=GY
OS=Windows_NT
PROCESSOR_IDENTIFIER=Intel64 Family 6 Model 158 Stepping 9, GenuineIntel



---------------  S Y S T E M  ---------------

OS: Windows 10.0 , 64 bit Build 18362 (10.0.18362.86)

CPU:total 4 (initial active 4) (4 cores per cpu, 1 threads per core) family 6 model 158 stepping 9, cmov, cx8, fxsr, mmx, sse, sse2, sse3, ssse3, sse4.1, sse4.2, popcnt, avx, avx2, aes, clmul, erms, 3dnowpref, lzcnt, tsc, tscinvbit, bmi1, bmi2, adx

Memory: 4k page, physical 8278180k(1876652k free), swap 8278180k(5240k free)

vm_info: OpenJDK 64-Bit Server VM (25.202-b03) for windows-amd64 JRE (1.8.0_202-release-1483-b03), built by "builder" with MS VC++ 10.0 (VS2010)

time: Wed Sep 11 16:25:28 2019
timezone: 中国标准时间
elapsed time: 8 seconds (0d 0h 0m 8s)

